<?xml version="1.0" encoding="UTF-8"?>
<!-- Generated by org.testng.reporters.JUnitXMLReporter -->
<testsuite ignored="0" hostname="CPC-rusha-RDE7I" failures="0" tests="3" name="ModuleTestOne" time="0.12" errors="0" timestamp="2023-07-19T12:11:13 IST">
  <testcase classname="testScripts.GooglePageTest" name="@BeforeTest setup" time="0.061">
    <failure type="java.lang.IllegalStateException" message="The path to the driver executable The path to the driver executable must be set by the webdriver.chrome.driver system property; for more information, see https://github.com/SeleniumHQ/selenium/wiki/ChromeDriver. The latest version can be downloaded from https://chromedriver.storage.googleapis.com/index.html">
      <![CDATA[java.lang.IllegalStateException: The path to the driver executable The path to the driver executable must be set by the webdriver.chrome.driver system property; for more information, see https://github.com/SeleniumHQ/selenium/wiki/ChromeDriver. The latest version can be downloaded from https://chromedriver.storage.googleapis.com/index.html
at org.openqa.selenium.internal.Require$StateChecker.nonNull(Require.java:311)
at org.openqa.selenium.remote.service.DriverService.findExecutable(DriverService.java:135)
at org.openqa.selenium.chrome.ChromeDriverService.access$000(ChromeDriverService.java:38)
at org.openqa.selenium.chrome.ChromeDriverService$Builder.findDefaultExecutable(ChromeDriverService.java:231)
at org.openqa.selenium.remote.service.DriverService$Builder.build(DriverService.java:437)
at org.openqa.selenium.chrome.ChromeDriverService.createDefaultService(ChromeDriverService.java:127)
at org.openqa.selenium.chrome.ChromeDriver.<init>(ChromeDriver.java:48)
at testScripts.GooglePageTest.setup(GooglePageTest.java:45)
... Removed 24 stack frames]]>
    </failure>
  </testcase> <!-- @BeforeTest setup -->
  <testcase classname="testScripts.GooglePageTest" name="@BeforeTest setupExtent" time="0.0">
    <skipped/>
  </testcase> <!-- @BeforeTest setupExtent -->
  <testcase classname="testScripts.GooglePageTest" name="@BeforeMethod setup" time="0.0">
    <skipped/>
  </testcase> <!-- @BeforeMethod setup -->
  <testcase classname="testScripts.GooglePageTest" name="@AfterMethod generateReport" time="0.0">
    <skipped/>
  </testcase> <!-- @AfterMethod generateReport -->
  <testcase classname="testScripts.GooglePageTest" name="@BeforeMethod setup" time="0.0">
    <skipped/>
  </testcase> <!-- @BeforeMethod setup -->
  <testcase classname="testScripts.GooglePageTest" name="@AfterMethod generateReport" time="0.0">
    <skipped/>
  </testcase> <!-- @AfterMethod generateReport -->
  <testcase classname="testScripts.GooglePageTest" name="@BeforeMethod setup" time="0.0">
    <skipped/>
  </testcase> <!-- @BeforeMethod setup -->
  <testcase classname="testScripts.GooglePageTest" name="@AfterMethod generateReport" time="0.0">
    <skipped/>
  </testcase> <!-- @AfterMethod generateReport -->
  <testcase classname="testScripts.GooglePageTest" name="@AfterTest finishExtent" time="0.0">
    <skipped/>
  </testcase> <!-- @AfterTest finishExtent -->
  <testcase classname="testScripts.GooglePageTest" name="seleniumSearchTest" time="0.0">
    <skipped/>
  </testcase> <!-- seleniumSearchTest -->
  <testcase classname="testScripts.GooglePageTest" name="javaSearchTest" time="0.0">
    <skipped/>
  </testcase> <!-- javaSearchTest -->
  <testcase classname="testScripts.GooglePageTest" name="appiumSearchTest" time="0.001">
    <skipped/>
  </testcase> <!-- appiumSearchTest -->
</testsuite> <!-- ModuleTestOne -->
